@!@!@STARTMSG 2262:0 @!@!@
TLC2 Version 2.20 of Day Month 20?? (rev: b996abe)
@!@!@ENDMSG 2262 @!@!@
@!@!@STARTMSG 2187:0 @!@!@
Running breadth-first search Model-Checking with fp 29 and seed -8895319689554881389 with 1 worker on 12 cores with 3641MB heap and 64MB offheap memory [pid: 12540] (Mac OS X 14.3 aarch64, Eclipse Adoptium 21.0.7 x86_64, MSBDiskFPSet, DiskStateQueue).
@!@!@ENDMSG 2187 @!@!@
@!@!@STARTMSG 2220:0 @!@!@
Starting SANY...
@!@!@ENDMSG 2220 @!@!@
Parsing file /Users/annaad/Documents/bu/cs351/TLAPlus/ex3/wire.tla
Parsing file /private/var/folders/1h/_4ssjh_n0ld2blc2fltt20rw0000gn/T/tlc-10442620804916878247/TLC.tla (jar:file:/Users/annaad/.vscode/extensions/tlaplus.vscode-ide-2025.4.190128/tools/tla2tools.jar!/tla2sany/StandardModules/TLC.tla)
Parsing file /private/var/folders/1h/_4ssjh_n0ld2blc2fltt20rw0000gn/T/tlc-10442620804916878247/Integers.tla (jar:file:/Users/annaad/.vscode/extensions/tlaplus.vscode-ide-2025.4.190128/tools/tla2tools.jar!/tla2sany/StandardModules/Integers.tla)
Parsing file /private/var/folders/1h/_4ssjh_n0ld2blc2fltt20rw0000gn/T/tlc-10442620804916878247/Naturals.tla (jar:file:/Users/annaad/.vscode/extensions/tlaplus.vscode-ide-2025.4.190128/tools/tla2tools.jar!/tla2sany/StandardModules/Naturals.tla)
Parsing file /private/var/folders/1h/_4ssjh_n0ld2blc2fltt20rw0000gn/T/tlc-10442620804916878247/Sequences.tla (jar:file:/Users/annaad/.vscode/extensions/tlaplus.vscode-ide-2025.4.190128/tools/tla2tools.jar!/tla2sany/StandardModules/Sequences.tla)
Parsing file /private/var/folders/1h/_4ssjh_n0ld2blc2fltt20rw0000gn/T/tlc-10442620804916878247/FiniteSets.tla (jar:file:/Users/annaad/.vscode/extensions/tlaplus.vscode-ide-2025.4.190128/tools/tla2tools.jar!/tla2sany/StandardModules/FiniteSets.tla)
Semantic processing of module Naturals
Semantic processing of module Sequences
Semantic processing of module FiniteSets
Semantic processing of module TLC
Semantic processing of module Integers
Semantic processing of module wire
@!@!@STARTMSG 2219:0 @!@!@
SANY finished.
@!@!@ENDMSG 2219 @!@!@
@!@!@STARTMSG 2185:0 @!@!@
Starting... (2025-04-20 15:19:51)
@!@!@ENDMSG 2185 @!@!@
@!@!@STARTMSG 2189:0 @!@!@
Computing initial states...
@!@!@ENDMSG 2189 @!@!@
@!@!@STARTMSG 2269:0 @!@!@
Computed 2 initial states...
@!@!@ENDMSG 2269 @!@!@
@!@!@STARTMSG 2269:0 @!@!@
Computed 4 initial states...
@!@!@ENDMSG 2269 @!@!@
@!@!@STARTMSG 2269:0 @!@!@
Computed 8 initial states...
@!@!@ENDMSG 2269 @!@!@
@!@!@STARTMSG 2269:0 @!@!@
Computed 16 initial states...
@!@!@ENDMSG 2269 @!@!@
@!@!@STARTMSG 2269:0 @!@!@
Computed 32 initial states...
@!@!@ENDMSG 2269 @!@!@
@!@!@STARTMSG 2269:0 @!@!@
Computed 64 initial states...
@!@!@ENDMSG 2269 @!@!@
@!@!@STARTMSG 2269:0 @!@!@
Computed 128 initial states...
@!@!@ENDMSG 2269 @!@!@
@!@!@STARTMSG 2269:0 @!@!@
Computed 256 initial states...
@!@!@ENDMSG 2269 @!@!@
@!@!@STARTMSG 2269:0 @!@!@
Computed 512 initial states...
@!@!@ENDMSG 2269 @!@!@
@!@!@STARTMSG 2269:0 @!@!@
Computed 1024 initial states...
@!@!@ENDMSG 2269 @!@!@
@!@!@STARTMSG 2269:0 @!@!@
Computed 2048 initial states...
@!@!@ENDMSG 2269 @!@!@
@!@!@STARTMSG 2269:0 @!@!@
Computed 4096 initial states...
@!@!@ENDMSG 2269 @!@!@
@!@!@STARTMSG 2269:0 @!@!@
Computed 8192 initial states...
@!@!@ENDMSG 2269 @!@!@
@!@!@STARTMSG 2269:0 @!@!@
Computed 16384 initial states...
@!@!@ENDMSG 2269 @!@!@
@!@!@STARTMSG 2269:0 @!@!@
Computed 32768 initial states...
@!@!@ENDMSG 2269 @!@!@
@!@!@STARTMSG 2190:0 @!@!@
Finished computing initial states: 40000 distinct states generated at 2025-04-20 15:19:51.
@!@!@ENDMSG 2190 @!@!@
@!@!@STARTMSG 2110:1 @!@!@
Invariant NoOverdrafts is violated.
@!@!@ENDMSG 2110 @!@!@
@!@!@STARTMSG 2121:1 @!@!@
The behavior up to this point is:
@!@!@ENDMSG 2121 @!@!@
@!@!@STARTMSG 2217:4 @!@!@
1: <Initial predicate>
/\ acct = [alice |-> 1, bob |-> 1]
/\ amnt = <<1, 1>>
/\ to = <<"alice", "alice">>
/\ from = <<"alice", "alice">>
/\ pc = <<"Check", "Check">>

@!@!@ENDMSG 2217 @!@!@
@!@!@STARTMSG 2217:4 @!@!@
2: <Check(1) line 55, col 16 to line 59, col 54 of module wire>
/\ acct = [alice |-> 1, bob |-> 1]
/\ amnt = <<1, 1>>
/\ to = <<"alice", "alice">>
/\ from = <<"alice", "alice">>
/\ pc = <<"Withdraw", "Check">>

@!@!@ENDMSG 2217 @!@!@
@!@!@STARTMSG 2217:4 @!@!@
3: <Check(2) line 55, col 16 to line 59, col 54 of module wire>
/\ acct = [alice |-> 1, bob |-> 1]
/\ amnt = <<1, 1>>
/\ to = <<"alice", "alice">>
/\ from = <<"alice", "alice">>
/\ pc = <<"Withdraw", "Withdraw">>

@!@!@ENDMSG 2217 @!@!@
@!@!@STARTMSG 2217:4 @!@!@
4: <Withdraw(1) line 61, col 19 to line 64, col 51 of module wire>
/\ acct = [alice |-> 0, bob |-> 1]
/\ amnt = <<1, 1>>
/\ to = <<"alice", "alice">>
/\ from = <<"alice", "alice">>
/\ pc = <<"Deposit", "Withdraw">>

@!@!@ENDMSG 2217 @!@!@
@!@!@STARTMSG 2217:4 @!@!@
5: <Withdraw(2) line 61, col 19 to line 64, col 51 of module wire>
/\ acct = [alice |-> -1, bob |-> 1]
/\ amnt = <<1, 1>>
/\ to = <<"alice", "alice">>
/\ from = <<"alice", "alice">>
/\ pc = <<"Deposit", "Deposit">>

@!@!@ENDMSG 2217 @!@!@
@!@!@STARTMSG 2201:0 @!@!@
The coverage statistics at 2025-04-20 15:19:53
@!@!@ENDMSG 2201 @!@!@
@!@!@STARTMSG 2773:0 @!@!@
<Init line 47, col 1 to line 47, col 4 of module wire>: 120000:120000
@!@!@ENDMSG 2773 @!@!@
@!@!@STARTMSG 2775:0 @!@!@
  line 48, col 21 to line 48, col 37 of module wire: 3:600
@!@!@ENDMSG 2775 @!@!@
@!@!@STARTMSG 2221:0 @!@!@
  |line 48, col 22 to line 48, col 27 of module wire: 3
@!@!@ENDMSG 2221 @!@!@
@!@!@STARTMSG 2221:0 @!@!@
  |line 48, col 32 to line 48, col 36 of module wire: 3
@!@!@ENDMSG 2221 @!@!@
@!@!@STARTMSG 2775:0 @!@!@
  line 50, col 21 to line 50, col 45 of module wire: 300:15000
@!@!@ENDMSG 2775 @!@!@
@!@!@STARTMSG 2221:0 @!@!@
  |line 50, col 22 to line 50, col 36 of module wire: 300
@!@!@ENDMSG 2221 @!@!@
@!@!@STARTMSG 2221:0 @!@!@
  |line 50, col 41 to line 50, col 44 of module wire: 300
@!@!@ENDMSG 2221 @!@!@
@!@!@STARTMSG 2775:0 @!@!@
  line 51, col 21 to line 51, col 47 of module wire: 7500:60000
@!@!@ENDMSG 2775 @!@!@
@!@!@STARTMSG 2221:0 @!@!@
  |line 51, col 22 to line 51, col 36 of module wire: 7500
@!@!@ENDMSG 2221 @!@!@
@!@!@STARTMSG 2221:0 @!@!@
  |line 51, col 41 to line 51, col 46 of module wire: 7500
@!@!@ENDMSG 2221 @!@!@
@!@!@STARTMSG 2775:0 @!@!@
  line 52, col 19 to line 52, col 45 of module wire: 30000:240000
@!@!@ENDMSG 2775 @!@!@
@!@!@STARTMSG 2221:0 @!@!@
  |line 52, col 20 to line 52, col 34 of module wire: 30000
@!@!@ENDMSG 2221 @!@!@
@!@!@STARTMSG 2221:0 @!@!@
  |line 52, col 39 to line 52, col 44 of module wire: 30000
@!@!@ENDMSG 2221 @!@!@
@!@!@STARTMSG 2221:0 @!@!@
  line 53, col 12 to line 53, col 46 of module wire: 120000
@!@!@ENDMSG 2221 @!@!@
@!@!@STARTMSG 2775:0 @!@!@
  |line 53, col 17 to line 53, col 46 of module wire: 120000:240000
@!@!@ENDMSG 2775 @!@!@
@!@!@STARTMSG 2221:0 @!@!@
  ||line 53, col 27 to line 53, col 33 of module wire: 120000
@!@!@ENDMSG 2221 @!@!@
@!@!@STARTMSG 2772:0 @!@!@
<Check line 55, col 1 to line 55, col 11 of module wire>: 156401:224005
@!@!@ENDMSG 2772 @!@!@
@!@!@STARTMSG 2221:0 @!@!@
  line 55, col 19 to line 55, col 36 of module wire: 672023
@!@!@ENDMSG 2221 @!@!@
@!@!@STARTMSG 2221:0 @!@!@
  |line 55, col 19 to line 55, col 26 of module wire: 448018
@!@!@ENDMSG 2221 @!@!@
@!@!@STARTMSG 2221:0 @!@!@
  line 56, col 22 to line 56, col 51 of module wire: 224005
@!@!@ENDMSG 2221 @!@!@
@!@!@STARTMSG 2221:0 @!@!@
  line 57, col 27 to line 57, col 67 of module wire: 173605
@!@!@ENDMSG 2221 @!@!@
@!@!@STARTMSG 2221:0 @!@!@
  line 58, col 27 to line 58, col 63 of module wire: 50400
@!@!@ENDMSG 2221 @!@!@
@!@!@STARTMSG 2221:0 @!@!@
  line 59, col 19 to line 59, col 54 of module wire: 224005
@!@!@ENDMSG 2221 @!@!@
@!@!@STARTMSG 2772:0 @!@!@
<Withdraw line 61, col 1 to line 61, col 14 of module wire>: 100401:128007
@!@!@ENDMSG 2772 @!@!@
@!@!@STARTMSG 2221:0 @!@!@
  line 61, col 22 to line 61, col 42 of module wire: 576020
@!@!@ENDMSG 2221 @!@!@
@!@!@STARTMSG 2221:0 @!@!@
  |line 61, col 22 to line 61, col 29 of module wire: 448014
@!@!@ENDMSG 2221 @!@!@
@!@!@STARTMSG 2221:0 @!@!@
  line 62, col 22 to line 62, col 88 of module wire: 128006
@!@!@ENDMSG 2221 @!@!@
@!@!@STARTMSG 2221:0 @!@!@
  |line 62, col 30 to line 62, col 88 of module wire: 128007
@!@!@ENDMSG 2221 @!@!@
@!@!@STARTMSG 2221:0 @!@!@
  line 63, col 22 to line 63, col 58 of module wire: 128006
@!@!@ENDMSG 2221 @!@!@
@!@!@STARTMSG 2221:0 @!@!@
  |line 63, col 28 to line 63, col 58 of module wire: 128007
@!@!@ENDMSG 2221 @!@!@
@!@!@STARTMSG 2221:0 @!@!@
  line 64, col 22 to line 64, col 51 of module wire: 128006
@!@!@ENDMSG 2221 @!@!@
@!@!@STARTMSG 2772:0 @!@!@
<Deposit line 66, col 1 to line 66, col 13 of module wire>: 59201:64004
@!@!@ENDMSG 2772 @!@!@
@!@!@STARTMSG 2221:0 @!@!@
  line 66, col 21 to line 66, col 40 of module wire: 512013
@!@!@ENDMSG 2221 @!@!@
@!@!@STARTMSG 2221:0 @!@!@
  |line 66, col 21 to line 66, col 28 of module wire: 448009
@!@!@ENDMSG 2221 @!@!@
@!@!@STARTMSG 2221:0 @!@!@
  line 67, col 21 to line 67, col 83 of module wire: 64004
@!@!@ENDMSG 2221 @!@!@
@!@!@STARTMSG 2221:0 @!@!@
  line 68, col 21 to line 68, col 54 of module wire: 64004
@!@!@ENDMSG 2221 @!@!@
@!@!@STARTMSG 2221:0 @!@!@
  line 69, col 21 to line 69, col 50 of module wire: 64004
@!@!@ENDMSG 2221 @!@!@
@!@!@STARTMSG 2772:0 @!@!@
<Terminating line 74, col 1 to line 74, col 11 of module wire>: 0:3200
@!@!@ENDMSG 2772 @!@!@
@!@!@STARTMSG 2221:0 @!@!@
  line 74, col 40 to line 74, col 56 of module wire: 246403
@!@!@ENDMSG 2221 @!@!@
@!@!@STARTMSG 2221:0 @!@!@
  |line 74, col 40 to line 74, col 47 of module wire: 240003
@!@!@ENDMSG 2221 @!@!@
@!@!@STARTMSG 2221:0 @!@!@
  line 74, col 31 to line 74, col 37 of module wire: 224002
@!@!@ENDMSG 2221 @!@!@
@!@!@STARTMSG 2221:0 @!@!@
  line 75, col 19 to line 75, col 32 of module wire: 3200
@!@!@ENDMSG 2221 @!@!@
@!@!@STARTMSG 2774:0 @!@!@
<NoOverdrafts line 37, col 1 to line 37, col 12 of module wire>
@!@!@ENDMSG 2774 @!@!@
@!@!@STARTMSG 2221:0 @!@!@
  line 38, col 3 to line 39, col 16 of module wire: 356003
@!@!@ENDMSG 2221 @!@!@
@!@!@STARTMSG 2221:0 @!@!@
  |line 39, col 5 to line 39, col 16 of module wire: 712005
@!@!@ENDMSG 2221 @!@!@
@!@!@STARTMSG 2221:0 @!@!@
  |line 38, col 12 to line 38, col 17 of module wire: 356003
@!@!@ENDMSG 2221 @!@!@
@!@!@STARTMSG 2202:0 @!@!@
End of statistics.
@!@!@ENDMSG 2202 @!@!@
@!@!@STARTMSG 2200:0 @!@!@
Progress(5) at 2025-04-20 15:19:53: 459,204 states generated (17,752,731 s/min), 356,003 distinct states found (13,763,002 ds/min), 131,999 states left on queue.
@!@!@ENDMSG 2200 @!@!@
@!@!@STARTMSG 2199:0 @!@!@
459204 states generated, 356003 distinct states found, 131999 states left on queue.
@!@!@ENDMSG 2199 @!@!@
@!@!@STARTMSG 2194:0 @!@!@
The depth of the complete state graph search is 5.
@!@!@ENDMSG 2194 @!@!@
@!@!@STARTMSG 2186:0 @!@!@
Finished in 1554ms at (2025-04-20 15:19:53)
@!@!@ENDMSG 2186 @!@!@
