@!@!@STARTMSG 2262:0 @!@!@
TLC2 Version 2.20 of Day Month 20?? (rev: b996abe)
@!@!@ENDMSG 2262 @!@!@
@!@!@STARTMSG 2187:0 @!@!@
Running breadth-first search Model-Checking with fp 74 and seed 7806313902704907464 with 1 worker on 12 cores with 3641MB heap and 64MB offheap memory [pid: 12717] (Mac OS X 14.3 aarch64, Eclipse Adoptium 21.0.7 x86_64, MSBDiskFPSet, DiskStateQueue).
@!@!@ENDMSG 2187 @!@!@
@!@!@STARTMSG 2220:0 @!@!@
Starting SANY...
@!@!@ENDMSG 2220 @!@!@
Parsing file /Users/annaad/Documents/bu/cs351/TLAPlus/ex7/wirelocknoself.tla
!! WARNING: The PlusCal algorithm in module wirelocknoself has changed since its last translation.
Parsing file /private/var/folders/1h/_4ssjh_n0ld2blc2fltt20rw0000gn/T/tlc-14536045789319035532/TLC.tla (jar:file:/Users/annaad/.vscode/extensions/tlaplus.vscode-ide-2025.4.190128/tools/tla2tools.jar!/tla2sany/StandardModules/TLC.tla)
Parsing file /private/var/folders/1h/_4ssjh_n0ld2blc2fltt20rw0000gn/T/tlc-14536045789319035532/Integers.tla (jar:file:/Users/annaad/.vscode/extensions/tlaplus.vscode-ide-2025.4.190128/tools/tla2tools.jar!/tla2sany/StandardModules/Integers.tla)
Parsing file /private/var/folders/1h/_4ssjh_n0ld2blc2fltt20rw0000gn/T/tlc-14536045789319035532/Sequences.tla (jar:file:/Users/annaad/.vscode/extensions/tlaplus.vscode-ide-2025.4.190128/tools/tla2tools.jar!/tla2sany/StandardModules/Sequences.tla)
Parsing file /private/var/folders/1h/_4ssjh_n0ld2blc2fltt20rw0000gn/T/tlc-14536045789319035532/Naturals.tla (jar:file:/Users/annaad/.vscode/extensions/tlaplus.vscode-ide-2025.4.190128/tools/tla2tools.jar!/tla2sany/StandardModules/Naturals.tla)
Parsing file /private/var/folders/1h/_4ssjh_n0ld2blc2fltt20rw0000gn/T/tlc-14536045789319035532/FiniteSets.tla (jar:file:/Users/annaad/.vscode/extensions/tlaplus.vscode-ide-2025.4.190128/tools/tla2tools.jar!/tla2sany/StandardModules/FiniteSets.tla)
Semantic processing of module Naturals
Semantic processing of module Sequences
Semantic processing of module FiniteSets
Semantic processing of module TLC
Semantic processing of module Integers
Semantic processing of module wirelocknoself
@!@!@STARTMSG 2219:0 @!@!@
SANY finished.
@!@!@ENDMSG 2219 @!@!@
@!@!@STARTMSG 2185:0 @!@!@
Starting... (2025-04-20 15:28:15)
@!@!@ENDMSG 2185 @!@!@
@!@!@STARTMSG 2189:0 @!@!@
Computing initial states...
@!@!@ENDMSG 2189 @!@!@
@!@!@STARTMSG 2269:0 @!@!@
Computed 2 initial states...
@!@!@ENDMSG 2269 @!@!@
@!@!@STARTMSG 2269:0 @!@!@
Computed 4 initial states...
@!@!@ENDMSG 2269 @!@!@
@!@!@STARTMSG 2269:0 @!@!@
Computed 8 initial states...
@!@!@ENDMSG 2269 @!@!@
@!@!@STARTMSG 2269:0 @!@!@
Computed 16 initial states...
@!@!@ENDMSG 2269 @!@!@
@!@!@STARTMSG 2269:0 @!@!@
Computed 32 initial states...
@!@!@ENDMSG 2269 @!@!@
@!@!@STARTMSG 2269:0 @!@!@
Computed 64 initial states...
@!@!@ENDMSG 2269 @!@!@
@!@!@STARTMSG 2269:0 @!@!@
Computed 128 initial states...
@!@!@ENDMSG 2269 @!@!@
@!@!@STARTMSG 2269:0 @!@!@
Computed 256 initial states...
@!@!@ENDMSG 2269 @!@!@
@!@!@STARTMSG 2269:0 @!@!@
Computed 512 initial states...
@!@!@ENDMSG 2269 @!@!@
@!@!@STARTMSG 2269:0 @!@!@
Computed 1024 initial states...
@!@!@ENDMSG 2269 @!@!@
@!@!@STARTMSG 2269:0 @!@!@
Computed 2048 initial states...
@!@!@ENDMSG 2269 @!@!@
@!@!@STARTMSG 2269:0 @!@!@
Computed 4096 initial states...
@!@!@ENDMSG 2269 @!@!@
@!@!@STARTMSG 2269:0 @!@!@
Computed 8192 initial states...
@!@!@ENDMSG 2269 @!@!@
@!@!@STARTMSG 2269:0 @!@!@
Computed 16384 initial states...
@!@!@ENDMSG 2269 @!@!@
@!@!@STARTMSG 2269:0 @!@!@
Computed 32768 initial states...
@!@!@ENDMSG 2269 @!@!@
@!@!@STARTMSG 2190:0 @!@!@
Finished computing initial states: 40000 distinct states generated at 2025-04-20 15:28:15.
@!@!@ENDMSG 2190 @!@!@
@!@!@STARTMSG 2114:1 @!@!@
Deadlock reached.
@!@!@ENDMSG 2114 @!@!@
@!@!@STARTMSG 2121:1 @!@!@
The behavior up to this point is:
@!@!@ENDMSG 2121 @!@!@
@!@!@STARTMSG 2217:4 @!@!@
1: <Initial predicate>
/\ acct = [alice |-> 1, bob |-> 1]
/\ lock = [alice |-> 0, bob |-> 0]
/\ amnt = <<1, 1>>
/\ to = <<"bob", "alice">>
/\ from = <<"alice", "bob">>
/\ pc = <<"CheckSelf", "CheckSelf">>

@!@!@ENDMSG 2217 @!@!@
@!@!@STARTMSG 2217:4 @!@!@
2: <CheckSelf(1) line 76, col 20 to line 80, col 64 of module wirelocknoself>
/\ acct = [alice |-> 1, bob |-> 1]
/\ lock = [alice |-> 0, bob |-> 0]
/\ amnt = <<1, 1>>
/\ to = <<"bob", "alice">>
/\ from = <<"alice", "bob">>
/\ pc = <<"GetLockTo", "CheckSelf">>

@!@!@ENDMSG 2217 @!@!@
@!@!@STARTMSG 2217:4 @!@!@
3: <GetLockTo(1) line 82, col 20 to line 86, col 58 of module wirelocknoself>
/\ acct = [alice |-> 1, bob |-> 1]
/\ lock = [alice |-> 0, bob |-> 1]
/\ amnt = <<1, 1>>
/\ to = <<"bob", "alice">>
/\ from = <<"alice", "bob">>
/\ pc = <<"GetLockFrom", "CheckSelf">>

@!@!@ENDMSG 2217 @!@!@
@!@!@STARTMSG 2217:4 @!@!@
4: <CheckSelf(2) line 76, col 20 to line 80, col 64 of module wirelocknoself>
/\ acct = [alice |-> 1, bob |-> 1]
/\ lock = [alice |-> 0, bob |-> 1]
/\ amnt = <<1, 1>>
/\ to = <<"bob", "alice">>
/\ from = <<"alice", "bob">>
/\ pc = <<"GetLockFrom", "GetLockTo">>

@!@!@ENDMSG 2217 @!@!@
@!@!@STARTMSG 2217:4 @!@!@
5: <GetLockTo(2) line 82, col 20 to line 86, col 58 of module wirelocknoself>
/\ acct = [alice |-> 1, bob |-> 1]
/\ lock = [alice |-> 2, bob |-> 1]
/\ amnt = <<1, 1>>
/\ to = <<"bob", "alice">>
/\ from = <<"alice", "bob">>
/\ pc = <<"GetLockFrom", "GetLockFrom">>

@!@!@ENDMSG 2217 @!@!@
@!@!@STARTMSG 2201:0 @!@!@
The coverage statistics at 2025-04-20 15:28:17
@!@!@ENDMSG 2201 @!@!@
@!@!@STARTMSG 2773:0 @!@!@
<Init line 67, col 1 to line 67, col 4 of module wirelocknoself>: 120000:120000
@!@!@ENDMSG 2773 @!@!@
@!@!@STARTMSG 2775:0 @!@!@
  line 68, col 21 to line 68, col 37 of module wirelocknoself: 3:600
@!@!@ENDMSG 2775 @!@!@
@!@!@STARTMSG 2221:0 @!@!@
  |line 68, col 22 to line 68, col 27 of module wirelocknoself: 3
@!@!@ENDMSG 2221 @!@!@
@!@!@STARTMSG 2221:0 @!@!@
  |line 68, col 32 to line 68, col 36 of module wirelocknoself: 3
@!@!@ENDMSG 2221 @!@!@
@!@!@STARTMSG 2775:0 @!@!@
  line 69, col 21 to line 69, col 37 of module wirelocknoself: 300:600
@!@!@ENDMSG 2775 @!@!@
@!@!@STARTMSG 2221:0 @!@!@
  |line 69, col 22 to line 69, col 27 of module wirelocknoself: 300
@!@!@ENDMSG 2221 @!@!@
@!@!@STARTMSG 2775:0 @!@!@
  |line 69, col 31 to line 69, col 36 of module wirelocknoself: 300:1500
@!@!@ENDMSG 2775 @!@!@
@!@!@STARTMSG 2221:0 @!@!@
  ||line 69, col 32 to line 69, col 35 of module wirelocknoself: 300
@!@!@ENDMSG 2221 @!@!@
@!@!@STARTMSG 2775:0 @!@!@
  line 71, col 21 to line 71, col 45 of module wirelocknoself: 300:15000
@!@!@ENDMSG 2775 @!@!@
@!@!@STARTMSG 2221:0 @!@!@
  |line 71, col 22 to line 71, col 36 of module wirelocknoself: 300
@!@!@ENDMSG 2221 @!@!@
@!@!@STARTMSG 2221:0 @!@!@
  |line 71, col 41 to line 71, col 44 of module wirelocknoself: 300
@!@!@ENDMSG 2221 @!@!@
@!@!@STARTMSG 2775:0 @!@!@
  line 72, col 21 to line 72, col 47 of module wirelocknoself: 7500:60000
@!@!@ENDMSG 2775 @!@!@
@!@!@STARTMSG 2221:0 @!@!@
  |line 72, col 22 to line 72, col 36 of module wirelocknoself: 7500
@!@!@ENDMSG 2221 @!@!@
@!@!@STARTMSG 2221:0 @!@!@
  |line 72, col 41 to line 72, col 46 of module wirelocknoself: 7500
@!@!@ENDMSG 2221 @!@!@
@!@!@STARTMSG 2775:0 @!@!@
  line 73, col 19 to line 73, col 45 of module wirelocknoself: 30000:240000
@!@!@ENDMSG 2775 @!@!@
@!@!@STARTMSG 2221:0 @!@!@
  |line 73, col 20 to line 73, col 34 of module wirelocknoself: 30000
@!@!@ENDMSG 2221 @!@!@
@!@!@STARTMSG 2221:0 @!@!@
  |line 73, col 39 to line 73, col 44 of module wirelocknoself: 30000
@!@!@ENDMSG 2221 @!@!@
@!@!@STARTMSG 2221:0 @!@!@
  line 74, col 12 to line 74, col 50 of module wirelocknoself: 120000
@!@!@ENDMSG 2221 @!@!@
@!@!@STARTMSG 2775:0 @!@!@
  |line 74, col 17 to line 74, col 50 of module wirelocknoself: 120000:240000
@!@!@ENDMSG 2775 @!@!@
@!@!@STARTMSG 2221:0 @!@!@
  ||line 74, col 27 to line 74, col 33 of module wirelocknoself: 120000
@!@!@ENDMSG 2221 @!@!@
@!@!@STARTMSG 2772:0 @!@!@
<CheckSelf line 76, col 1 to line 76, col 15 of module wirelocknoself>: 160003:240010
@!@!@ENDMSG 2772 @!@!@
@!@!@STARTMSG 2221:0 @!@!@
  line 76, col 23 to line 76, col 44 of module wirelocknoself: 800048
@!@!@ENDMSG 2221 @!@!@
@!@!@STARTMSG 2221:0 @!@!@
  |line 76, col 23 to line 76, col 30 of module wirelocknoself: 560038
@!@!@ENDMSG 2221 @!@!@
@!@!@STARTMSG 2221:0 @!@!@
  line 77, col 26 to line 77, col 47 of module wirelocknoself: 240010
@!@!@ENDMSG 2221 @!@!@
@!@!@STARTMSG 2221:0 @!@!@
  line 78, col 31 to line 78, col 72 of module wirelocknoself: 120007
@!@!@ENDMSG 2221 @!@!@
@!@!@STARTMSG 2221:0 @!@!@
  line 79, col 31 to line 79, col 67 of module wirelocknoself: 120003
@!@!@ENDMSG 2221 @!@!@
@!@!@STARTMSG 2221:0 @!@!@
  line 80, col 23 to line 80, col 64 of module wirelocknoself: 240010
@!@!@ENDMSG 2221 @!@!@
@!@!@STARTMSG 2772:0 @!@!@
<GetLockTo line 82, col 1 to line 82, col 15 of module wirelocknoself>: 65000:90004
@!@!@ENDMSG 2772 @!@!@
@!@!@STARTMSG 2221:0 @!@!@
  line 82, col 23 to line 82, col 44 of module wirelocknoself: 650038
@!@!@ENDMSG 2221 @!@!@
@!@!@STARTMSG 2221:0 @!@!@
  |line 82, col 23 to line 82, col 30 of module wirelocknoself: 560034
@!@!@ENDMSG 2221 @!@!@
@!@!@STARTMSG 2221:0 @!@!@
  line 83, col 23 to line 83, col 43 of module wirelocknoself: 190011
@!@!@ENDMSG 2221 @!@!@
@!@!@STARTMSG 2221:0 @!@!@
  |line 83, col 23 to line 83, col 36 of module wirelocknoself: 100007
@!@!@ENDMSG 2221 @!@!@
@!@!@STARTMSG 2221:0 @!@!@
  |line 83, col 40 to line 83, col 43 of module wirelocknoself: 100007
@!@!@ENDMSG 2221 @!@!@
@!@!@STARTMSG 2221:0 @!@!@
  line 84, col 23 to line 84, col 62 of module wirelocknoself: 90004
@!@!@ENDMSG 2221 @!@!@
@!@!@STARTMSG 2221:0 @!@!@
  line 85, col 23 to line 85, col 63 of module wirelocknoself: 90004
@!@!@ENDMSG 2221 @!@!@
@!@!@STARTMSG 2221:0 @!@!@
  line 86, col 23 to line 86, col 58 of module wirelocknoself: 90004
@!@!@ENDMSG 2221 @!@!@
@!@!@STARTMSG 2772:0 @!@!@
<GetLockFrom line 88, col 1 to line 88, col 17 of module wirelocknoself>: 60000:80004
@!@!@ENDMSG 2772 @!@!@
@!@!@STARTMSG 2221:0 @!@!@
  line 88, col 25 to line 88, col 48 of module wirelocknoself: 640034
@!@!@ENDMSG 2221 @!@!@
@!@!@STARTMSG 2221:0 @!@!@
  |line 88, col 25 to line 88, col 32 of module wirelocknoself: 560030
@!@!@ENDMSG 2221 @!@!@
@!@!@STARTMSG 2221:0 @!@!@
  line 89, col 25 to line 89, col 47 of module wirelocknoself: 160010
@!@!@ENDMSG 2221 @!@!@
@!@!@STARTMSG 2221:0 @!@!@
  |line 89, col 25 to line 89, col 40 of module wirelocknoself: 80006
@!@!@ENDMSG 2221 @!@!@
@!@!@STARTMSG 2221:0 @!@!@
  |line 89, col 44 to line 89, col 47 of module wirelocknoself: 80006
@!@!@ENDMSG 2221 @!@!@
@!@!@STARTMSG 2221:0 @!@!@
  line 90, col 25 to line 90, col 66 of module wirelocknoself: 80004
@!@!@ENDMSG 2221 @!@!@
@!@!@STARTMSG 2221:0 @!@!@
  line 91, col 25 to line 91, col 59 of module wirelocknoself: 80004
@!@!@ENDMSG 2221 @!@!@
@!@!@STARTMSG 2221:0 @!@!@
  line 92, col 25 to line 92, col 60 of module wirelocknoself: 80004
@!@!@ENDMSG 2221 @!@!@
@!@!@STARTMSG 2772:0 @!@!@
<Check line 94, col 1 to line 94, col 11 of module wirelocknoself>: 40003:40006
@!@!@ENDMSG 2772 @!@!@
@!@!@STARTMSG 2221:0 @!@!@
  line 94, col 19 to line 94, col 36 of module wirelocknoself: 600036
@!@!@ENDMSG 2221 @!@!@
@!@!@STARTMSG 2221:0 @!@!@
  |line 94, col 19 to line 94, col 26 of module wirelocknoself: 560030
@!@!@ENDMSG 2221 @!@!@
@!@!@STARTMSG 2221:0 @!@!@
  line 95, col 22 to line 95, col 51 of module wirelocknoself: 40006
@!@!@ENDMSG 2221 @!@!@
@!@!@STARTMSG 2221:0 @!@!@
  line 96, col 27 to line 96, col 67 of module wirelocknoself: 32006
@!@!@ENDMSG 2221 @!@!@
@!@!@STARTMSG 2221:0 @!@!@
  line 97, col 27 to line 97, col 72 of module wirelocknoself: 8000
@!@!@ENDMSG 2221 @!@!@
@!@!@STARTMSG 2221:0 @!@!@
  line 98, col 19 to line 98, col 60 of module wirelocknoself: 40006
@!@!@ENDMSG 2221 @!@!@
@!@!@STARTMSG 2772:0 @!@!@
<Withdraw line 100, col 1 to line 100, col 14 of module wirelocknoself>: 6:6
@!@!@ENDMSG 2772 @!@!@
@!@!@STARTMSG 2221:0 @!@!@
  line 100, col 22 to line 100, col 42 of module wirelocknoself: 560036
@!@!@ENDMSG 2221 @!@!@
@!@!@STARTMSG 2221:0 @!@!@
  |line 100, col 22 to line 100, col 29 of module wirelocknoself: 560030
@!@!@ENDMSG 2221 @!@!@
@!@!@STARTMSG 2221:0 @!@!@
  line 101, col 22 to line 101, col 88 of module wirelocknoself: 6
@!@!@ENDMSG 2221 @!@!@
@!@!@STARTMSG 2221:0 @!@!@
  line 102, col 22 to line 102, col 58 of module wirelocknoself: 6
@!@!@ENDMSG 2221 @!@!@
@!@!@STARTMSG 2221:0 @!@!@
  line 103, col 22 to line 103, col 57 of module wirelocknoself: 6
@!@!@ENDMSG 2221 @!@!@
@!@!@STARTMSG 2772:0 @!@!@
<Deposit line 105, col 1 to line 105, col 13 of module wirelocknoself>: 0:0
@!@!@ENDMSG 2772 @!@!@
@!@!@STARTMSG 2221:0 @!@!@
  line 105, col 21 to line 105, col 40 of module wirelocknoself: 560030
@!@!@ENDMSG 2221 @!@!@
@!@!@STARTMSG 2221:0 @!@!@
  line 106, col 21 to line 106, col 83 of module wirelocknoself: 0
@!@!@ENDMSG 2221 @!@!@
@!@!@STARTMSG 2221:0 @!@!@
  line 107, col 21 to line 107, col 63 of module wirelocknoself: 0
@!@!@ENDMSG 2221 @!@!@
@!@!@STARTMSG 2221:0 @!@!@
  line 108, col 21 to line 108, col 56 of module wirelocknoself: 0
@!@!@ENDMSG 2221 @!@!@
@!@!@STARTMSG 2772:0 @!@!@
<ReleaseLockTo line 110, col 1 to line 110, col 19 of module wirelocknoself>: 0:0
@!@!@ENDMSG 2772 @!@!@
@!@!@STARTMSG 2221:0 @!@!@
  line 110, col 27 to line 110, col 52 of module wirelocknoself: 560030
@!@!@ENDMSG 2221 @!@!@
@!@!@STARTMSG 2221:0 @!@!@
  line 113, col 27 to line 113, col 66 of module wirelocknoself: 0
@!@!@ENDMSG 2221 @!@!@
@!@!@STARTMSG 2221:0 @!@!@
  line 114, col 27 to line 114, col 71 of module wirelocknoself: 0
@!@!@ENDMSG 2221 @!@!@
@!@!@STARTMSG 2221:0 @!@!@
  line 115, col 27 to line 115, col 62 of module wirelocknoself: 0
@!@!@ENDMSG 2221 @!@!@
@!@!@STARTMSG 2772:0 @!@!@
<ReleaseLockFrom line 117, col 1 to line 117, col 21 of module wirelocknoself>: 0:0
@!@!@ENDMSG 2772 @!@!@
@!@!@STARTMSG 2221:0 @!@!@
  line 117, col 29 to line 117, col 56 of module wirelocknoself: 560030
@!@!@ENDMSG 2221 @!@!@
@!@!@STARTMSG 2221:0 @!@!@
  line 120, col 29 to line 120, col 68 of module wirelocknoself: 0
@!@!@ENDMSG 2221 @!@!@
@!@!@STARTMSG 2221:0 @!@!@
  line 121, col 29 to line 121, col 62 of module wirelocknoself: 0
@!@!@ENDMSG 2221 @!@!@
@!@!@STARTMSG 2221:0 @!@!@
  line 122, col 29 to line 122, col 64 of module wirelocknoself: 0
@!@!@ENDMSG 2221 @!@!@
@!@!@STARTMSG 2772:0 @!@!@
<Terminating line 129, col 1 to line 129, col 11 of module wirelocknoself>: 0:10000
@!@!@ENDMSG 2772 @!@!@
@!@!@STARTMSG 2221:0 @!@!@
  line 129, col 40 to line 129, col 56 of module wirelocknoself: 350015
@!@!@ENDMSG 2221 @!@!@
@!@!@STARTMSG 2221:0 @!@!@
  |line 129, col 40 to line 129, col 47 of module wirelocknoself: 330015
@!@!@ENDMSG 2221 @!@!@
@!@!@STARTMSG 2221:0 @!@!@
  line 129, col 31 to line 129, col 37 of module wirelocknoself: 280013
@!@!@ENDMSG 2221 @!@!@
@!@!@STARTMSG 2221:0 @!@!@
  line 130, col 19 to line 130, col 32 of module wirelocknoself: 10000
@!@!@ENDMSG 2221 @!@!@
@!@!@STARTMSG 2202:0 @!@!@
End of statistics.
@!@!@ENDMSG 2202 @!@!@
@!@!@STARTMSG 2200:0 @!@!@
Progress(6) at 2025-04-20 15:28:17: 500,018 states generated (13,966,983 s/min), 365,012 distinct states found (10,195,865 ds/min), 84,999 states left on queue.
@!@!@ENDMSG 2200 @!@!@
@!@!@STARTMSG 2199:0 @!@!@
500018 states generated, 365012 distinct states found, 84999 states left on queue.
@!@!@ENDMSG 2199 @!@!@
@!@!@STARTMSG 2194:0 @!@!@
The depth of the complete state graph search is 6.
@!@!@ENDMSG 2194 @!@!@
@!@!@STARTMSG 2186:0 @!@!@
Finished in 2154ms at (2025-04-20 15:28:17)
@!@!@ENDMSG 2186 @!@!@
