@!@!@STARTMSG 2262:0 @!@!@
TLC2 Version 2.20 of Day Month 20?? (rev: b996abe)
@!@!@ENDMSG 2262 @!@!@
@!@!@STARTMSG 2187:0 @!@!@
Running breadth-first search Model-Checking with fp 31 and seed 1655150935061079431 with 1 worker on 12 cores with 3641MB heap and 64MB offheap memory [pid: 11118] (Mac OS X 14.3 aarch64, Eclipse Adoptium 21.0.7 x86_64, MSBDiskFPSet, DiskStateQueue).
@!@!@ENDMSG 2187 @!@!@
@!@!@STARTMSG 2220:0 @!@!@
Starting SANY...
@!@!@ENDMSG 2220 @!@!@
Parsing file /Users/annaad/Documents/bu/cs351/TLAPlus/ex1/transfer.tla
Parsing file /private/var/folders/1h/_4ssjh_n0ld2blc2fltt20rw0000gn/T/tlc-10489333631448075505/Naturals.tla (jar:file:/Users/annaad/.vscode/extensions/tlaplus.vscode-ide-2025.4.190128/tools/tla2tools.jar!/tla2sany/StandardModules/Naturals.tla)
Parsing file /private/var/folders/1h/_4ssjh_n0ld2blc2fltt20rw0000gn/T/tlc-10489333631448075505/TLC.tla (jar:file:/Users/annaad/.vscode/extensions/tlaplus.vscode-ide-2025.4.190128/tools/tla2tools.jar!/tla2sany/StandardModules/TLC.tla)
Parsing file /private/var/folders/1h/_4ssjh_n0ld2blc2fltt20rw0000gn/T/tlc-10489333631448075505/Sequences.tla (jar:file:/Users/annaad/.vscode/extensions/tlaplus.vscode-ide-2025.4.190128/tools/tla2tools.jar!/tla2sany/StandardModules/Sequences.tla)
Parsing file /private/var/folders/1h/_4ssjh_n0ld2blc2fltt20rw0000gn/T/tlc-10489333631448075505/FiniteSets.tla (jar:file:/Users/annaad/.vscode/extensions/tlaplus.vscode-ide-2025.4.190128/tools/tla2tools.jar!/tla2sany/StandardModules/FiniteSets.tla)
Semantic processing of module Naturals
Semantic processing of module Sequences
Semantic processing of module FiniteSets
Semantic processing of module TLC
Semantic processing of module transfer
@!@!@STARTMSG 2219:0 @!@!@
SANY finished.
@!@!@ENDMSG 2219 @!@!@
@!@!@STARTMSG 2185:0 @!@!@
Starting... (2025-04-20 14:28:10)
@!@!@ENDMSG 2185 @!@!@
@!@!@STARTMSG 2189:0 @!@!@
Computing initial states...
@!@!@ENDMSG 2189 @!@!@
@!@!@STARTMSG 2269:0 @!@!@
Computed 2 initial states...
@!@!@ENDMSG 2269 @!@!@
@!@!@STARTMSG 2269:0 @!@!@
Computed 4 initial states...
@!@!@ENDMSG 2269 @!@!@
@!@!@STARTMSG 2269:0 @!@!@
Computed 8 initial states...
@!@!@ENDMSG 2269 @!@!@
@!@!@STARTMSG 2269:0 @!@!@
Computed 16 initial states...
@!@!@ENDMSG 2269 @!@!@
@!@!@STARTMSG 2190:0 @!@!@
Finished computing initial states: 20 distinct states generated at 2025-04-20 14:28:10.
@!@!@ENDMSG 2190 @!@!@
@!@!@STARTMSG 2132:1 @!@!@
The first argument of Assert evaluated to FALSE; the second argument was:
"Failure of assertion at line 10, column 4."
@!@!@ENDMSG 2132 @!@!@
@!@!@STARTMSG 2121:1 @!@!@
The behavior up to this point is:
@!@!@ENDMSG 2121 @!@!@
@!@!@STARTMSG 2217:4 @!@!@
1: <Initial predicate>
/\ bob_account = 10
/\ money = 11
/\ alice_account = 10
/\ pc = "A"

@!@!@ENDMSG 2217 @!@!@
@!@!@STARTMSG 2217:4 @!@!@
2: <A line 23, col 6 to line 26, col 42 of module transfer>
/\ bob_account = 10
/\ money = 11
/\ alice_account = -1
/\ pc = "B"

@!@!@ENDMSG 2217 @!@!@
@!@!@STARTMSG 2217:4 @!@!@
3: <B line 28, col 6 to line 31, col 44 of module transfer>
/\ bob_account = 21
/\ money = 11
/\ alice_account = -1
/\ pc = "C"

@!@!@ENDMSG 2217 @!@!@
@!@!@STARTMSG 2103:1 @!@!@
The error occurred when TLC was evaluating the nested
expressions at the following positions:
0. Line 33, column 6 to line 37, column 57 in transfer
1. Line 33, column 9 to line 33, column 16 in transfer
2. Line 34, column 9 to line 35, column 60 in transfer


@!@!@ENDMSG 2103 @!@!@
@!@!@STARTMSG 2201:0 @!@!@
The coverage statistics at 2025-04-20 14:28:10
@!@!@ENDMSG 2201 @!@!@
@!@!@STARTMSG 2773:0 @!@!@
<Init line 17, col 1 to line 17, col 4 of module transfer>: 60:60
@!@!@ENDMSG 2773 @!@!@
@!@!@STARTMSG 2221:0 @!@!@
  line 20, col 12 to line 20, col 26 of module transfer: 3
@!@!@ENDMSG 2221 @!@!@
@!@!@STARTMSG 2221:0 @!@!@
  line 21, col 12 to line 21, col 19 of module transfer: 60
@!@!@ENDMSG 2221 @!@!@
@!@!@STARTMSG 2772:0 @!@!@
<A line 23, col 1 to line 23, col 1 of module transfer>: 20:22
@!@!@ENDMSG 2772 @!@!@
@!@!@STARTMSG 2221:0 @!@!@
  line 23, col 9 to line 23, col 16 of module transfer: 78
@!@!@ENDMSG 2221 @!@!@
@!@!@STARTMSG 2221:0 @!@!@
  |line 23, col 9 to line 23, col 10 of module transfer: 56
@!@!@ENDMSG 2221 @!@!@
@!@!@STARTMSG 2221:0 @!@!@
  line 24, col 9 to line 24, col 46 of module transfer: 22
@!@!@ENDMSG 2221 @!@!@
@!@!@STARTMSG 2221:0 @!@!@
  line 25, col 9 to line 25, col 17 of module transfer: 22
@!@!@ENDMSG 2221 @!@!@
@!@!@STARTMSG 2221:0 @!@!@
  line 26, col 9 to line 26, col 42 of module transfer: 22
@!@!@ENDMSG 2221 @!@!@
@!@!@STARTMSG 2772:0 @!@!@
<B line 28, col 1 to line 28, col 1 of module transfer>: 20:22
@!@!@ENDMSG 2772 @!@!@
@!@!@STARTMSG 2221:0 @!@!@
  line 28, col 9 to line 28, col 16 of module transfer: 76
@!@!@ENDMSG 2221 @!@!@
@!@!@STARTMSG 2221:0 @!@!@
  |line 28, col 9 to line 28, col 10 of module transfer: 54
@!@!@ENDMSG 2221 @!@!@
@!@!@STARTMSG 2221:0 @!@!@
  line 29, col 9 to line 29, col 42 of module transfer: 22
@!@!@ENDMSG 2221 @!@!@
@!@!@STARTMSG 2221:0 @!@!@
  line 30, col 9 to line 30, col 17 of module transfer: 22
@!@!@ENDMSG 2221 @!@!@
@!@!@STARTMSG 2221:0 @!@!@
  line 31, col 9 to line 31, col 44 of module transfer: 22
@!@!@ENDMSG 2221 @!@!@
@!@!@STARTMSG 2772:0 @!@!@
<C line 33, col 1 to line 33, col 1 of module transfer>: 10:10
@!@!@ENDMSG 2772 @!@!@
@!@!@STARTMSG 2221:0 @!@!@
  line 33, col 9 to line 33, col 16 of module transfer: 62
@!@!@ENDMSG 2221 @!@!@
@!@!@STARTMSG 2221:0 @!@!@
  |line 33, col 9 to line 33, col 10 of module transfer: 52
@!@!@ENDMSG 2221 @!@!@
@!@!@STARTMSG 2221:0 @!@!@
  line 34, col 9 to line 35, col 60 of module transfer: 10
@!@!@ENDMSG 2221 @!@!@
@!@!@STARTMSG 2221:0 @!@!@
  |line 34, col 16 to line 34, col 33 of module transfer: 12
@!@!@ENDMSG 2221 @!@!@
@!@!@STARTMSG 2221:0 @!@!@
  line 36, col 9 to line 36, col 20 of module transfer: 10
@!@!@ENDMSG 2221 @!@!@
@!@!@STARTMSG 2221:0 @!@!@
  line 37, col 9 to line 37, col 57 of module transfer: 10
@!@!@ENDMSG 2221 @!@!@
@!@!@STARTMSG 2772:0 @!@!@
<Terminating line 40, col 1 to line 40, col 11 of module transfer>: 0:0
@!@!@ENDMSG 2772 @!@!@
@!@!@STARTMSG 2221:0 @!@!@
  line 40, col 16 to line 40, col 26 of module transfer: 50
@!@!@ENDMSG 2221 @!@!@
@!@!@STARTMSG 2221:0 @!@!@
  line 40, col 31 to line 40, col 44 of module transfer: 0
@!@!@ENDMSG 2221 @!@!@
@!@!@STARTMSG 2202:0 @!@!@
End of statistics.
@!@!@ENDMSG 2202 @!@!@
@!@!@STARTMSG 2200:0 @!@!@
Progress(4) at 2025-04-20 14:28:10: 70 states generated (7,924 s/min), 70 distinct states found (7,924 ds/min), 19 states left on queue.
@!@!@ENDMSG 2200 @!@!@
@!@!@STARTMSG 2199:0 @!@!@
70 states generated, 70 distinct states found, 19 states left on queue.
@!@!@ENDMSG 2199 @!@!@
@!@!@STARTMSG 2194:0 @!@!@
The depth of the complete state graph search is 4.
@!@!@ENDMSG 2194 @!@!@
@!@!@STARTMSG 2186:0 @!@!@
Finished in 531ms at (2025-04-20 14:28:10)
@!@!@ENDMSG 2186 @!@!@
